ERROR [Line 5] : syntax error
============================================================================================================================================
Table Name: global		 Parent Name: None
============================================================================================================================================
Name                Type                                    Initial Value       Offset              Size                Child               

main                int                                                         0                   4                   main                
--------------------------------------------------------------------------------------------------------------------------------------------


============================================================================================================================================
Table Name: main		 Parent Name: global
============================================================================================================================================
Name                Type                                    Initial Value       Offset              Size                Child               

f1                  int                                                         0                   4                   NULL                
f2                  int                                                         4                   4                   NULL                
f3                  int                                                         8                   4                   NULL                
n1                  int                                                         12                  4                   NULL                
n2                  int                                                         16                  4                   NULL                
n3                  int                                                         20                  4                   NULL                
return              int                                                         24                  4                   NULL                
--------------------------------------------------------------------------------------------------------------------------------------------


1   : main
