============================================================================================================================================
Table Name: global		 Parent Name: None
============================================================================================================================================
Name                Type                                    Initial Value       Offset              Size                Child               

main                function                                                    0                   4                   main                
--------------------------------------------------------------------------------------------------------------------------------------------


============================================================================================================================================
Table Name: main		 Parent Name: global
============================================================================================================================================
Name                Type                                    Initial Value       Offset              Size                Child               

c                   char                                    'a'                 0                   1                   NULL                
n1                  int                                                         1                   4                   NULL                
n2                  int                                                         5                   4                   NULL                
n3                  int                                                         9                   4                   NULL                
return              int                                                         13                  4                   NULL                
t0                  int                                     10                  17                  4                   NULL                
t1                  char                                    'a'                 21                  1                   NULL                
x                   int                                     10                  22                  4                   NULL                
--------------------------------------------------------------------------------------------------------------------------------------------


1   : main
2   : 	t0 = 10
3   : 	x = t0
4   : 	t1 = 'a'
5   : 	c = t1
