============================================================================================================================================
Table Name: global		 Parent Name: None
============================================================================================================================================
Name                Type                                    Initial Value       Offset              Size                Child               

main                function                                                    0                   4                   main                
--------------------------------------------------------------------------------------------------------------------------------------------


============================================================================================================================================
Table Name: main		 Parent Name: global
============================================================================================================================================
Name                Type                                    Initial Value       Offset              Size                Child               

a                   array(10, int)                                              0                   40                  NULL                
i                   int                                                         40                  4                   NULL                
m                   int                                                         44                  4                   NULL                
main_0              block                                                       48                  4                   main_0              
main_1              block                                                       52                  4                   main_1              
main_2              block                                                       56                  4                   main_2              
n                   int                                                         60                  4                   NULL                
printInt            int                                                         64                  4                   NULL                
printStr            int                                                         68                  4                   NULL                
readInt             int                                                         72                  4                   NULL                
return              int                                                         76                  4                   NULL                
t0                  int                                     10                  80                  4                   NULL                
t1                  ptr(int)                                                    84                  4                   NULL                
t10                 int                                                         88                  4                   NULL                
t11                 int                                                         92                  4                   NULL                
t12                 int                                     1                   96                  4                   NULL                
t13                 int                                     1                   100                 4                   NULL                
t14                 int                                                         104                 4                   NULL                
t19                 ptr(char)                               "Max of: "          108                 4                   NULL                
t2                  int                                                         112                 4                   NULL                
t20                 int                                                         116                 4                   NULL                
t21                 int                                     0                   120                 4                   NULL                
t22                 int                                                         124                 4                   NULL                
t23                 int                                                         128                 4                   NULL                
t24                 int                                                         132                 4                   NULL                
t25                 int                                     1                   136                 4                   NULL                
t26                 int                                     1                   140                 4                   NULL                
t27                 int                                                         144                 4                   NULL                
t3                  int                                     0                   148                 4                   NULL                
t33                 ptr(char)                               ": = "              152                 4                   NULL                
t34                 int                                                         156                 4                   NULL                
t35                 int                                                         160                 4                   NULL                
t36                 int                                     0                   164                 4                   NULL                
t4                  int                                     1                   168                 4                   NULL                
t5                  int                                                         172                 4                   NULL                
t9                  int                                     0                   176                 4                   NULL                
--------------------------------------------------------------------------------------------------------------------------------------------


============================================================================================================================================
Table Name: main_0		 Parent Name: main
============================================================================================================================================
Name                Type                                    Initial Value       Offset              Size                Child               

t6                  ptr(int)                                                    0                   4                   NULL                
t7                  int                                                         4                   4                   NULL                
t8                  int                                                         8                   4                   NULL                
--------------------------------------------------------------------------------------------------------------------------------------------


============================================================================================================================================
Table Name: main_1		 Parent Name: main
============================================================================================================================================
Name                Type                                    Initial Value       Offset              Size                Child               

t15                 int                                                         0                   4                   NULL                
t16                 int                                                         4                   4                   NULL                
t17                 int                                                         8                   4                   NULL                
t18                 int                                                         12                  4                   NULL                
--------------------------------------------------------------------------------------------------------------------------------------------


============================================================================================================================================
Table Name: main_2		 Parent Name: main
============================================================================================================================================
Name                Type                                    Initial Value       Offset              Size                Child               

t28                 ptr(char)                               ", "                0                   4                   NULL                
t29                 int                                                         4                   4                   NULL                
t30                 int                                                         8                   4                   NULL                
t31                 int                                                         12                  4                   NULL                
t32                 int                                                         16                  4                   NULL                
--------------------------------------------------------------------------------------------------------------------------------------------


1   : main
2   : 	t0 = 10
3   : 	t1 = &n
4   : 	param t1
5   : 	t2 = call readInt, 1
6   : 	t3 = 0
7   : 	i = t3
8   : 	if i < n goto 14
9   : 	goto 21
10  : 	t4 = 1
11  : 	t5 = i + t4
12  : 	i = t5
13  : 	goto 8
14  : main_0
15  : 	t6 = &m
16  : 	param t6
17  : 	t7 = call readInt, 1
18  : 	t8 = i * 4
19  : 	a[t8] = m
20  : 	goto 10
21  : 	t9 = 0
22  : 	t10 = t9 * 4
23  : 	t11 = a[t10]
24  : 	m = t11
25  : 	t12 = 1
26  : 	i = t12
27  : 	if i < n goto 33
28  : 	goto 43
29  : 	t13 = 1
30  : 	t14 = i + t13
31  : 	i = t14
32  : 	goto 27
33  : main_1
34  : 	t15 = i * 4
35  : 	t16 = a[t15]
36  : 	if t16 > m goto 38
37  : 	goto 29
38  : 	t17 = i * 4
39  : 	t18 = a[t17]
40  : 	m = t18
41  : 	goto 29
42  : 	goto 29
43  : 	param t19
44  : 	t20 = call printStr, 1
45  : 	t21 = 0
46  : 	t22 = t21 * 4
47  : 	t23 = a[t22]
48  : 	param t23
49  : 	t24 = call printInt, 1
50  : 	t25 = 1
51  : 	i = t25
52  : 	if i < n goto 58
53  : 	goto 66
54  : 	t26 = 1
55  : 	t27 = i + t26
56  : 	i = t27
57  : 	goto 52
58  : main_2
59  : 	param t28
60  : 	t29 = call printStr, 1
61  : 	t30 = i * 4
62  : 	t31 = a[t30]
63  : 	param t31
64  : 	t32 = call printInt, 1
65  : 	goto 54
66  : 	param t33
67  : 	t34 = call printStr, 1
68  : 	param m
69  : 	t35 = call printInt, 1
70  : 	t36 = 0
71  : 	return t36
