============================================================================================================================================
Table Name: global		 Parent Name: None
============================================================================================================================================
Name                Type                                    Initial Value       Offset              Size                Child               

main                function                                                    0                   4                   main                
--------------------------------------------------------------------------------------------------------------------------------------------


============================================================================================================================================
Table Name: main		 Parent Name: global
============================================================================================================================================
Name                Type                                    Initial Value       Offset              Size                Child               

printInt            int                                                         0                   4                   NULL                
printStr            int                                                         4                   4                   NULL                
return              int                                                         8                   4                   NULL                
t0                  int                                     2                   12                  4                   NULL                
t1                  int                                     3                   16                  4                   NULL                
t10                 int                                     0                   20                  4                   NULL                
t2                  int                                                         24                  4                   NULL                
t3                  int                                                         28                  4                   NULL                
t4                  ptr(char)                               "+"                 32                  4                   NULL                
t5                  int                                                         36                  4                   NULL                
t6                  int                                                         40                  4                   NULL                
t7                  ptr(char)                               " = "               44                  4                   NULL                
t8                  int                                                         48                  4                   NULL                
t9                  int                                                         52                  4                   NULL                
x                   int                                     2                   56                  4                   NULL                
y                   int                                     3                   60                  4                   NULL                
z                   int                                                         64                  4                   NULL                
--------------------------------------------------------------------------------------------------------------------------------------------


1   : main
2   : 	t0 = 2
3   : 	x = t0
4   : 	t1 = 3
5   : 	y = t1
6   : 	t2 = x + y
7   : 	z = t2
8   : 	param x
9   : 	t3 = call printInt, 1
10  : 	param t4
11  : 	t5 = call printStr, 1
12  : 	param y
13  : 	t6 = call printInt, 1
14  : 	param t7
15  : 	t8 = call printStr, 1
16  : 	param z
17  : 	t9 = call printInt, 1
18  : 	t10 = 0
19  : 	return t10
