============================================================================================================================================
Table Name: global		 Parent Name: None
============================================================================================================================================
Name                Type                                    Initial Value       Offset              Size                Child               

factorial           function                                                    0                   4                   factorial           
gcd                 function                                                    4                   4                   gcd                 
main                function                                                    8                   4                   main                
--------------------------------------------------------------------------------------------------------------------------------------------


============================================================================================================================================
Table Name: factorial		 Parent Name: global
============================================================================================================================================
Name                Type                                    Initial Value       Offset              Size                Child               

n                   int                                                         0                   4                   NULL                
return              int                                                         4                   4                   NULL                
t0                  int                                     0                   8                   4                   NULL                
t1                  int                                     1                   12                  4                   NULL                
t2                  int                                     1                   16                  4                   NULL                
t3                  int                                                         20                  4                   NULL                
t4                  int                                                         24                  4                   NULL                
t5                  int                                                         28                  4                   NULL                
--------------------------------------------------------------------------------------------------------------------------------------------


============================================================================================================================================
Table Name: gcd		 Parent Name: global
============================================================================================================================================
Name                Type                                    Initial Value       Offset              Size                Child               

a                   int                                                         0                   4                   NULL                
b                   int                                                         4                   4                   NULL                
return              int                                                         8                   4                   NULL                
t13                 int                                     0                   12                  4                   NULL                
t14                 int                                                         16                  4                   NULL                
t15                 int                                                         20                  4                   NULL                
--------------------------------------------------------------------------------------------------------------------------------------------


============================================================================================================================================
Table Name: main		 Parent Name: global
============================================================================================================================================
Name                Type                                    Initial Value       Offset              Size                Child               

a                   int                                     9                   0                   4                   NULL                
b                   int                                     3                   4                   4                   NULL                
binpow              int                                                         8                   4                   NULL                
n                   int                                     5                   12                  4                   NULL                
printInt            int                                                         16                  4                   NULL                
printStr            int                                                         20                  4                   NULL                
r                   int                                                         24                  4                   NULL                
return              int                                                         28                  4                   NULL                
t10                 int                                                         32                  4                   NULL                
t11                 int                                                         36                  4                   NULL                
t12                 int                                     0                   40                  4                   NULL                
t16                 int                                     9                   44                  4                   NULL                
t17                 int                                     3                   48                  4                   NULL                
t18                 int                                                         52                  4                   NULL                
t19                 int                                                         56                  4                   NULL                
t20                 int                                                         60                  4                   NULL                
t21                 int                                     0                   64                  4                   NULL                
t6                  int                                     5                   68                  4                   NULL                
t7                  int                                                         72                  4                   NULL                
t8                  int                                                         76                  4                   NULL                
t9                  ptr(char)                               "! = "              80                  4                   NULL                
--------------------------------------------------------------------------------------------------------------------------------------------


1   : factorial
2   : 	t0 = 0
3   : 	if n == t0 goto 5
4   : 	goto 8
5   : 	t1 = 1
6   : 	return t1
7   : 	goto 
8   : 	t2 = 1
9   : 	t3 = n - t2
10  : 	param t3
11  : 	t4 = call factorial, 1
12  : 	t5 = n * t4
13  : 	return t5
14  : main
15  : 	t6 = 5
16  : 	n = t6
17  : 	param n
18  : 	t7 = call factorial, 1
19  : 	r = t7
20  : 	param n
21  : 	t8 = call printInt, 1
22  : 	param t9
23  : 	t10 = call printStr, 1
24  : 	param r
25  : 	t11 = call printInt, 1
26  : 	t12 = 0
27  : 	return t12
28  : gcd
29  : 	t13 = 0
30  : 	if b == t13 goto 32
31  : 	goto 34
32  : 	return a
33  : 	goto 34
34  : 	param b
35  : 	t14 = a % b
36  : 	param t14
37  : 	t15 = call gcd, 2
38  : 	return t15
39  : main
40  : main
41  : 	t16 = 9
42  : 	a = t16
43  : 	t17 = 3
44  : 	b = t17
45  : 	param a
46  : 	param b
47  : 	t18 = call gcd, 2
48  : 	a = a + 1
49  : 	param a
50  : 	t19 = b
51  : 	b = b + 1
52  : 	param t19
53  : 	t20 = call binpow, 2
54  : 	t21 = 0
55  : 	return t21
