============================================================================================================================================
Table Name: global		 Parent Name: None
============================================================================================================================================
Name                Type                                    Initial Value       Offset              Size                Child               

main                function                                                    0                   4                   main                
--------------------------------------------------------------------------------------------------------------------------------------------


============================================================================================================================================
Table Name: main		 Parent Name: global
============================================================================================================================================
Name                Type                                    Initial Value       Offset              Size                Child               

i                   int                                     0                   0                   4                   NULL                
n                   int                                                         4                   4                   NULL                
printInt            int                                                         8                   4                   NULL                
printStr            int                                                         12                  4                   NULL                
r                   int                                     1                   16                  4                   NULL                
readInt             int                                                         20                  4                   NULL                
return              int                                                         24                  4                   NULL                
t0                  int                                     0                   28                  4                   NULL                
t1                  int                                     1                   32                  4                   NULL                
t10                 int                                                         36                  4                   NULL                
t11                 int                                                         40                  4                   NULL                
t12                 int                                     0                   44                  4                   NULL                
t2                  ptr(int)                                                    48                  4                   NULL                
t3                  int                                                         52                  4                   NULL                
t4                  int                                     1                   56                  4                   NULL                
t5                  int                                     1                   60                  4                   NULL                
t6                  int                                                         64                  4                   NULL                
t7                  int                                                         68                  4                   NULL                
t8                  int                                                         72                  4                   NULL                
t9                  ptr(char)                               "! = "              76                  4                   NULL                
--------------------------------------------------------------------------------------------------------------------------------------------


1   : main
2   : 	t0 = 0
3   : 	i = t0
4   : 	t1 = 1
5   : 	r = t1
6   : 	t2 = &n
7   : 	param t2
8   : 	t3 = call readInt, 1
9   : 	t4 = 1
10  : 	i = t4
11  : 	if i <= n goto 17
12  : 	goto 20
13  : 	t5 = 1
14  : 	t6 = i + t5
15  : 	i = t6
16  : 	goto 11
17  : 	t7 = r * i
18  : 	r = t7
19  : 	goto 13
20  : 	param n
21  : 	t8 = call printInt, 1
22  : 	param t9
23  : 	t10 = call printStr, 1
24  : 	param r
25  : 	t11 = call printInt, 1
26  : 	t12 = 0
27  : 	return t12
